<?xml version="1.0" encoding="UTF-8"?>
<robot generator="Robot 7.4.2 (Python 3.13.14 on win32)" generated="2026-06-19T16:35:21.636849" rpa="false" schemaversion="5">
<suite id="s1" name="Test Login" source="D:\Group_7_project-main\Group_7_project-main\backend\tests\test_login.robot">
<test id="s1-t1" name="Dang Nhap Thanh Cong Voi Tai Khoan Customer" line="11">
<kw name="Open Browser" owner="SeleniumLibrary">
<msg time="2026-06-19T16:35:21.876519" level="INFO">Opening browser 'chrome' to base url 'http://localhost:3000/login'.</msg>
<arg>${LOGIN_URL}</arg>
<arg>${BROWSER}</arg>
<doc>Opens a new browser instance to the optional ``url``.</doc>
<status status="PASS" start="2026-06-19T16:35:21.876269" elapsed="1.235002"/>
</kw>
<kw name="Maximize Browser Window" owner="SeleniumLibrary">
<doc>Maximizes current browser window.</doc>
<status status="PASS" start="2026-06-19T16:35:23.111708" elapsed="0.020626"/>
</kw>
<kw name="Wait Until Element Is Visible" owner="SeleniumLibrary">
<arg>xpath=//input[@placeholder='Nhập email']</arg>
<arg>15s</arg>
<doc>Waits until the element ``locator`` is visible.</doc>
<status status="PASS" start="2026-06-19T16:35:23.132659" elapsed="0.079312"/>
</kw>
<kw name="Input Text" owner="SeleniumLibrary">
<msg time="2026-06-19T16:35:23.212570" level="INFO">Typing text 'vana@gmail.com' into text field 'xpath=//input[@placeholder='Nhập email']'.</msg>
<arg>xpath=//input[@placeholder='Nhập email']</arg>
<arg>${USER_EMAIL}</arg>
<doc>Types the given ``text`` into the text field identified by ``locator``.</doc>
<status status="PASS" start="2026-06-19T16:35:23.212264" elapsed="0.090702"/>
</kw>
<kw name="Input Password" owner="SeleniumLibrary">
<msg time="2026-06-19T16:35:23.303680" level="INFO">Typing password into text field 'xpath=//input[@type='password']'.</msg>
<msg time="2026-06-19T16:35:23.331996" level="INFO">Temporally setting log level to: NONE</msg>
<arg>xpath=//input[@type='password']</arg>
<arg>${USER_PASS}</arg>
<doc>Types the given password into the text field identified by ``locator``.</doc>
<status status="PASS" start="2026-06-19T16:35:23.303315" elapsed="0.064701"/>
</kw>
<kw name="Click Button" owner="SeleniumLibrary">
<msg time="2026-06-19T16:35:23.368558" level="INFO">Clicking button 'xpath=//button[text()='Đăng nhập']'.</msg>
<arg>xpath=//button[text()='Đăng nhập']</arg>
<doc>Clicks the button identified by ``locator``.</doc>
<status status="PASS" start="2026-06-19T16:35:23.368309" elapsed="0.064824"/>
</kw>
<kw name="Wait Until Page Contains" owner="SeleniumLibrary">
<arg>Danh sách sản phẩm</arg>
<arg>15s</arg>
<doc>Waits until ``text`` appears on the current page.</doc>
<status status="PASS" start="2026-06-19T16:35:23.433460" elapsed="0.218050"/>
</kw>
<kw name="Capture Page Screenshot" owner="SeleniumLibrary">
<msg time="2026-06-19T16:35:23.722558" level="INFO" html="true">&lt;/td&gt;&lt;/tr&gt;&lt;tr&gt;&lt;td colspan="3"&gt;&lt;a href="ket_qua_dang_nhap_ok.png"&gt;&lt;img src="ket_qua_dang_nhap_ok.png" width="800px"&gt;&lt;/a&gt;</msg>
<arg>ket_qua_dang_nhap_ok.png</arg>
<doc>Takes a screenshot of the current page and embeds it into a log file.</doc>
<status status="PASS" start="2026-06-19T16:35:23.651783" elapsed="0.070874"/>
</kw>
<kw name="Close Browser" owner="SeleniumLibrary" type="TEARDOWN">
<doc>Closes the current browser.</doc>
<status status="PASS" start="2026-06-19T16:35:23.722987" elapsed="2.119532"/>
</kw>
<status status="PASS" start="2026-06-19T16:35:21.875339" elapsed="3.967565"/>
</test>
<status status="PASS" start="2026-06-19T16:35:21.638097" elapsed="4.205368"/>
</suite>
<statistics>
<total>
<stat pass="1" fail="0" skip="0">All Tests</stat>
</total>
<tag>
</tag>
<suite>
<stat name="Test Login" id="s1" pass="1" fail="0" skip="0">Test Login</stat>
</suite>
</statistics>
<errors>
</errors>
</robot>
